<?xml version="1.0" encoding="UTF-8"?>
<!-- Generated by org.testng.reporters.JUnitXMLReporter -->
<testsuite hostname="rightster-PC" name="Default test(failed)(failed)" tests="1" failures="1" timestamp="8 Feb 2013 18:06:30 GMT" time="36.442" errors="0">
  <testcase name="SignInNoUserName" time="36.41" classname="tests.SignInTests">
    <failure type="java.lang.NullPointerException">
      <![CDATA[java.lang.NullPointerException
	at Reusables.Base.FindElementByXpath(Base.java:34)
	at tests.SignInTests.SignInNoUserName(SignInTests.java:35)
... Removed 24 stack frames]]>
    </failure>
  </testcase> <!-- SignInNoUserName -->
</testsuite> <!-- Default test(failed)(failed) -->
