<?xml version="1.0" encoding="UTF-8"?>
<!-- Generated by org.testng.reporters.JUnitXMLReporter -->
<testsuite hostname="rightster-PC" name="Default test(failed)(failed)(failed)(failed)" tests="1" failures="1" timestamp="8 Feb 2013 18:53:58 GMT" time="40.639" errors="0">
  <testcase name="SignInNoUserName" time="40.597" classname="tests.SignInTests">
    <failure type="java.lang.NullPointerException">
      <![CDATA[java.lang.NullPointerException
	at Reusables.Base.FindElementByXpath(Base.java:34)
	at Objects.SignInObject.ErrMsgNoEmailLocator(SignInObject.java:85)
	at tests.SignInTests.SignInNoUserName(SignInTests.java:36)
... Removed 24 stack frames]]>
    </failure>
  </testcase> <!-- SignInNoUserName -->
</testsuite> <!-- Default test(failed)(failed)(failed)(failed) -->
