<?xml version="1.0" encoding="UTF-8"?>
<!-- Generated by org.testng.reporters.JUnitXMLReporter -->
<testsuite hostname="rightster-PC" name="Default test" tests="3" failures="0" timestamp="5 Jun 2013 12:04:17 GMT" time="1.875" errors="0">
  <testcase name="@BeforeTest assessor" time="0.0" classname="tests.CreateAccountTests">
    <failure type="java.io.FileNotFoundException" message="C:\Users\rightster\Documents\MARSTestInput.xls (The system cannot find the file specified)">
      <![CDATA[java.io.FileNotFoundException: C:\Users\rightster\Documents\MARSTestInput.xls (The system cannot find the file specified)
	at java.io.FileInputStream.open(Native Method)
	at java.io.FileInputStream.<init>(FileInputStream.java:138)
	at java.io.FileInputStream.<init>(FileInputStream.java:97)
	at tests.CreateAccountTests.assessor(CreateAccountTests.java:34)
	at sun.reflect.NativeMethodAccessorImpl.invoke0(Native Method)
	at sun.reflect.NativeMethodAccessorImpl.invoke(NativeMethodAccessorImpl.java:57)
	at sun.reflect.DelegatingMethodAccessorImpl.invoke(DelegatingMethodAccessorImpl.java:43)
	at java.lang.reflect.Method.invoke(Method.java:601)
	at org.testng.internal.MethodInvocationHelper.invokeMethod(MethodInvocationHelper.java:80)
	at org.testng.internal.Invoker.invokeConfigurationMethod(Invoker.java:564)
	at org.testng.internal.Invoker.invokeConfigurations(Invoker.java:213)
	at org.testng.internal.Invoker.invokeConfigurations(Invoker.java:138)
	at org.testng.TestRunner.beforeRun(TestRunner.java:641)
	at org.testng.TestRunner.run(TestRunner.java:609)
	at org.testng.SuiteRunner.runTest(SuiteRunner.java:334)
	at org.testng.SuiteRunner.runSequentially(SuiteRunner.java:329)
	at org.testng.SuiteRunner.privateRun(SuiteRunner.java:291)
	at org.testng.SuiteRunner.run(SuiteRunner.java:240)
	at org.testng.SuiteRunnerWorker.runSuite(SuiteRunnerWorker.java:52)
	at org.testng.SuiteRunnerWorker.run(SuiteRunnerWorker.java:86)
	at org.testng.TestNG.runSuitesSequentially(TestNG.java:1203)
	at org.testng.TestNG.runSuitesLocally(TestNG.java:1128)
	at org.testng.TestNG.run(TestNG.java:1036)
	at org.testng.remote.RemoteTestNG.run(RemoteTestNG.java:111)
	at org.testng.remote.RemoteTestNG.initAndRun(RemoteTestNG.java:204)
	at org.testng.remote.RemoteTestNG.main(RemoteTestNG.java:175)
]]>
    </failure>
  </testcase> <!-- @BeforeTest assessor -->
  <testcase name="Add25UsersTest" time="0.0" classname="tests.CreateAccountTests">
    <skipped/>
  </testcase> <!-- Add25UsersTest -->
  <testcase name="AddAnotherUserTest" time="0.001" classname="tests.CreateAccountTests">
    <skipped/>
  </testcase> <!-- AddAnotherUserTest -->
  <testcase name="BasicAccountCreationTest" time="0.001" classname="tests.CreateAccountTests">
    <skipped/>
  </testcase> <!-- BasicAccountCreationTest -->
</testsuite> <!-- Default test -->
