<?xml version="1.0" encoding="UTF-8"?>
<testng-results skipped="3" failed="0" total="3" passed="0">
  <reporter-output>
  </reporter-output>
  <suite name="Default suite" duration-ms="1875" started-at="2013-06-05T12:04:15Z" finished-at="2013-06-05T12:04:16Z">
    <groups>
    </groups>
    <test name="Default test" duration-ms="1875" started-at="2013-06-05T12:04:15Z" finished-at="2013-06-05T12:04:16Z">
      <class name="tests.CreateAccountTests">
        <test-method status="FAIL" signature="assessor()[pri:0, instance:tests.CreateAccountTests@56b21710]" name="assessor" is-config="true" duration-ms="0" started-at="2013-06-05T17:34:15Z" finished-at="2013-06-05T17:34:15Z">
          <exception class="java.io.FileNotFoundException">
            <message>
              <![CDATA[C:\Users\rightster\Documents\MARSTestInput.xls (The system cannot find the file specified)]]>
            </message>
            <full-stacktrace>
              <![CDATA[java.io.FileNotFoundException: C:\Users\rightster\Documents\MARSTestInput.xls (The system cannot find the file specified)
	at java.io.FileInputStream.open(Native Method)
	at java.io.FileInputStream.<init>(FileInputStream.java:138)
	at java.io.FileInputStream.<init>(FileInputStream.java:97)
	at tests.CreateAccountTests.assessor(CreateAccountTests.java:34)
	at sun.reflect.NativeMethodAccessorImpl.invoke0(Native Method)
	at sun.reflect.NativeMethodAccessorImpl.invoke(NativeMethodAccessorImpl.java:57)
	at sun.reflect.DelegatingMethodAccessorImpl.invoke(DelegatingMethodAccessorImpl.java:43)
	at java.lang.reflect.Method.invoke(Method.java:601)
	at org.testng.internal.MethodInvocationHelper.invokeMethod(MethodInvocationHelper.java:80)
	at org.testng.internal.Invoker.invokeConfigurationMethod(Invoker.java:564)
	at org.testng.internal.Invoker.invokeConfigurations(Invoker.java:213)
	at org.testng.internal.Invoker.invokeConfigurations(Invoker.java:138)
	at org.testng.TestRunner.beforeRun(TestRunner.java:641)
	at org.testng.TestRunner.run(TestRunner.java:609)
	at org.testng.SuiteRunner.runTest(SuiteRunner.java:334)
	at org.testng.SuiteRunner.runSequentially(SuiteRunner.java:329)
	at org.testng.SuiteRunner.privateRun(SuiteRunner.java:291)
	at org.testng.SuiteRunner.run(SuiteRunner.java:240)
	at org.testng.SuiteRunnerWorker.runSuite(SuiteRunnerWorker.java:52)
	at org.testng.SuiteRunnerWorker.run(SuiteRunnerWorker.java:86)
	at org.testng.TestNG.runSuitesSequentially(TestNG.java:1203)
	at org.testng.TestNG.runSuitesLocally(TestNG.java:1128)
	at org.testng.TestNG.run(TestNG.java:1036)
	at org.testng.remote.RemoteTestNG.run(RemoteTestNG.java:111)
	at org.testng.remote.RemoteTestNG.initAndRun(RemoteTestNG.java:204)
	at org.testng.remote.RemoteTestNG.main(RemoteTestNG.java:175)
]]>
            </full-stacktrace>
          </exception> <!-- java.io.FileNotFoundException -->
          <reporter-output>
          </reporter-output>
        </test-method> <!-- assessor -->
        <test-method status="SKIP" signature="Add25UsersTest()[pri:0, instance:tests.CreateAccountTests@56b21710]" name="Add25UsersTest" duration-ms="0" started-at="2013-06-05T17:34:16Z" finished-at="2013-06-05T17:34:16Z">
          <reporter-output>
          </reporter-output>
        </test-method> <!-- Add25UsersTest -->
        <test-method status="SKIP" signature="AddAnotherUserTest()[pri:0, instance:tests.CreateAccountTests@56b21710]" name="AddAnotherUserTest" duration-ms="1" started-at="2013-06-05T17:34:16Z" finished-at="2013-06-05T17:34:16Z">
          <reporter-output>
          </reporter-output>
        </test-method> <!-- AddAnotherUserTest -->
        <test-method status="SKIP" signature="BasicAccountCreationTest()[pri:0, instance:tests.CreateAccountTests@56b21710]" name="BasicAccountCreationTest" duration-ms="1" started-at="2013-06-05T17:34:16Z" finished-at="2013-06-05T17:34:16Z">
          <reporter-output>
          </reporter-output>
        </test-method> <!-- BasicAccountCreationTest -->
      </class> <!-- tests.CreateAccountTests -->
    </test> <!-- Default test -->
  </suite> <!-- Default suite -->
</testng-results>
